This is pdfTeX, Version 3.14159265-2.6-1.40.15 (TeX Live 2014) (preloaded format=pdflatex 2015.4.1)  2 MAY 2016 18:41
entering extended mode
 restricted \write18 enabled.
 file:line:error style messages enabled.
 %&-line parsing enabled.
**accounting.tex
(./accounting.tex
LaTeX2e <2014/05/01>
Babel <3.9k> and hyphenation patterns for 78 languages loaded.
(/usr/local/texlive/2014/texmf-dist/tex/latex/base/article.cls
Document Class: article 2007/10/19 v1.4h Standard LaTeX document class
(/usr/local/texlive/2014/texmf-dist/tex/latex/base/size10.clo
File: size10.clo 2007/10/19 v1.4h Standard LaTeX file (size option)
)
\c@part=\count79
\c@section=\count80
\c@subsection=\count81
\c@subsubsection=\count82
\c@paragraph=\count83
\c@subparagraph=\count84
\c@figure=\count85
\c@table=\count86
\abovecaptionskip=\skip41
\belowcaptionskip=\skip42
\bibindent=\dimen102
)
(/usr/local/texlive/2014/texmf-dist/tex/latex/graphics/graphicx.sty
Package: graphicx 2014/04/25 v1.0g Enhanced LaTeX Graphics (DPC,SPQR)

(/usr/local/texlive/2014/texmf-dist/tex/latex/graphics/keyval.sty
Package: keyval 2014/05/08 v1.15 key=value parser (DPC)
\KV@toks@=\toks14
)
(/usr/local/texlive/2014/texmf-dist/tex/latex/graphics/graphics.sty
Package: graphics 2009/02/05 v1.0o Standard LaTeX Graphics (DPC,SPQR)

(/usr/local/texlive/2014/texmf-dist/tex/latex/graphics/trig.sty
Package: trig 1999/03/16 v1.09 sin cos tan (DPC)
)
(/usr/local/texlive/2014/texmf-dist/tex/latex/latexconfig/graphics.cfg
File: graphics.cfg 2010/04/23 v1.9 graphics configuration of TeX Live
)
Package graphics Info: Driver file: pdftex.def on input line 91.

(/usr/local/texlive/2014/texmf-dist/tex/latex/pdftex-def/pdftex.def
File: pdftex.def 2011/05/27 v0.06d Graphics/color for pdfTeX

(/usr/local/texlive/2014/texmf-dist/tex/generic/oberdiek/infwarerr.sty
Package: infwarerr 2010/04/08 v1.3 Providing info/warning/error messages (HO)
)
(/usr/local/texlive/2014/texmf-dist/tex/generic/oberdiek/ltxcmds.sty
Package: ltxcmds 2011/11/09 v1.22 LaTeX kernel commands for general use (HO)
)
\Gread@gobject=\count87
))
\Gin@req@height=\dimen103
\Gin@req@width=\dimen104
)
(/usr/local/texlive/2014/texmf-dist/tex/latex/fancyvrb/fancyvrb.sty
Package: fancyvrb 2008/02/07

Style option: `fancyvrb' v2.7a, with DG/SPQR fixes, and firstline=lastline fix 
<2008/02/07> (tvz)
\FV@CodeLineNo=\count88
\FV@InFile=\read1
\FV@TabBox=\box26
\c@FancyVerbLine=\count89
\FV@StepNumber=\count90
\FV@OutFile=\write3
) (./accounting.aux)
\openout1 = `accounting.aux'.

LaTeX Font Info:    Checking defaults for OML/cmm/m/it on input line 5.
LaTeX Font Info:    ... okay on input line 5.
LaTeX Font Info:    Checking defaults for T1/cmr/m/n on input line 5.
LaTeX Font Info:    ... okay on input line 5.
LaTeX Font Info:    Checking defaults for OT1/cmr/m/n on input line 5.
LaTeX Font Info:    ... okay on input line 5.
LaTeX Font Info:    Checking defaults for OMS/cmsy/m/n on input line 5.
LaTeX Font Info:    ... okay on input line 5.
LaTeX Font Info:    Checking defaults for OMX/cmex/m/n on input line 5.
LaTeX Font Info:    ... okay on input line 5.
LaTeX Font Info:    Checking defaults for U/cmr/m/n on input line 5.
LaTeX Font Info:    ... okay on input line 5.

(/usr/local/texlive/2014/texmf-dist/tex/context/base/supp-pdf.mkii
[Loading MPS to PDF converter (version 2006.09.02).]
\scratchcounter=\count91
\scratchdimen=\dimen105
\scratchbox=\box27
\nofMPsegments=\count92
\nofMParguments=\count93
\everyMPshowfont=\toks15
\MPscratchCnt=\count94
\MPscratchDim=\dimen106
\MPnumerator=\count95
\makeMPintoPDFobject=\count96
\everyMPtoPDFconversion=\toks16
) (/usr/local/texlive/2014/texmf-dist/tex/generic/oberdiek/pdftexcmds.sty
Package: pdftexcmds 2011/11/29 v0.20 Utility functions of pdfTeX for LuaTeX (HO
)

(/usr/local/texlive/2014/texmf-dist/tex/generic/oberdiek/ifluatex.sty
Package: ifluatex 2010/03/01 v1.3 Provides the ifluatex switch (HO)
Package ifluatex Info: LuaTeX not detected.
)
(/usr/local/texlive/2014/texmf-dist/tex/generic/oberdiek/ifpdf.sty
Package: ifpdf 2011/01/30 v2.3 Provides the ifpdf switch (HO)
Package ifpdf Info: pdfTeX in PDF mode is detected.
)
Package pdftexcmds Info: LuaTeX not detected.
Package pdftexcmds Info: \pdf@primitive is available.
Package pdftexcmds Info: \pdf@ifprimitive is available.
Package pdftexcmds Info: \pdfdraftmode found.
)
(/usr/local/texlive/2014/texmf-dist/tex/latex/oberdiek/epstopdf-base.sty
Package: epstopdf-base 2010/02/09 v2.5 Base part for package epstopdf

(/usr/local/texlive/2014/texmf-dist/tex/latex/oberdiek/grfext.sty
Package: grfext 2010/08/19 v1.1 Manage graphics extensions (HO)

(/usr/local/texlive/2014/texmf-dist/tex/generic/oberdiek/kvdefinekeys.sty
Package: kvdefinekeys 2011/04/07 v1.3 Define keys (HO)
))
(/usr/local/texlive/2014/texmf-dist/tex/latex/oberdiek/kvoptions.sty
Package: kvoptions 2011/06/30 v3.11 Key value format for package options (HO)

(/usr/local/texlive/2014/texmf-dist/tex/generic/oberdiek/kvsetkeys.sty
Package: kvsetkeys 2012/04/25 v1.16 Key value parser (HO)

(/usr/local/texlive/2014/texmf-dist/tex/generic/oberdiek/etexcmds.sty
Package: etexcmds 2011/02/16 v1.5 Avoid name clashes with e-TeX commands (HO)
Package etexcmds Info: Could not find \expanded.
(etexcmds)             That can mean that you are not using pdfTeX 1.50 or
(etexcmds)             that some package has redefined \expanded.
(etexcmds)             In the latter case, load this package earlier.
)))
Package grfext Info: Graphics extension search list:
(grfext)             [.png,.pdf,.jpg,.mps,.jpeg,.jbig2,.jb2,.PNG,.PDF,.JPG,.JPE
G,.JBIG2,.JB2,.eps]
(grfext)             \AppendGraphicsExtensions on input line 452.

(/usr/local/texlive/2014/texmf-dist/tex/latex/latexconfig/epstopdf-sys.cfg
File: epstopdf-sys.cfg 2010/07/13 v1.3 Configuration of (r)epstopdf for TeX Liv
e
))
LaTeX Font Info:    External font `cmex10' loaded for size
(Font)              <7> on input line 11.
LaTeX Font Info:    External font `cmex10' loaded for size
(Font)              <5> on input line 11.

Overfull \hbox (75.65332pt too wide) in paragraph at lines 42--80
[][] 
 []

[1

{/usr/local/texlive/2014/texmf-var/fonts/map/pdftex/updmap/pdftex.map}]
[2]
Overfull \hbox (109.90094pt too wide) in paragraph at lines 121--154
[][] 
 []

[3]
Overfull \hbox (6.74693pt too wide) in paragraph at lines 193--193
[]\OT1/cmtt/m/n/10 bank 1 account =   10  demanded credit =    0 allowed credit
 =    0[] 
 []


Overfull \hbox (6.74693pt too wide) in paragraph at lines 193--193
[]\OT1/cmtt/m/n/10 bank 2 account = -150  demanded credit = -150 allowed credit
 = -130[] 
 []


Overfull \hbox (6.74693pt too wide) in paragraph at lines 193--193
[]\OT1/cmtt/m/n/10 bank 3 account =  -50  demanded credit =  -50 allowed credit
 =  -45[] 
 []


Overfull \hbox (6.74693pt too wide) in paragraph at lines 220--220
[]\OT1/cmtt/m/n/10 bank 1 account =   10  demanded credit =    0 allowed credit
 =    0[] 
 []


Overfull \hbox (6.74693pt too wide) in paragraph at lines 220--220
[]\OT1/cmtt/m/n/10 bank 2 account = -130  demanded credit = -150 allowed credit
 = -130[] 
 []


Overfull \hbox (6.74693pt too wide) in paragraph at lines 220--220
[]\OT1/cmtt/m/n/10 bank 3 account =  -45  demanded credit =  -50 allowed credit
 =  -45[] 
 []

[4] [5] [6]
Overfull \hbox (6.74693pt too wide) in paragraph at lines 366--366
[]\OT1/cmtt/m/n/10 bank 1 account =   10  demanded credit =    0 allowed credit
 =    0[] 
 []


Overfull \hbox (6.74693pt too wide) in paragraph at lines 366--366
[]\OT1/cmtt/m/n/10 bank 2 account = -150  demanded credit = -150 allowed credit
 = -130[] 
 []


Overfull \hbox (6.74693pt too wide) in paragraph at lines 366--366
[]\OT1/cmtt/m/n/10 bank 3 account =  -50  demanded credit =  -50 allowed credit
 =  -50[] 
 []


Overfull \hbox (74.99634pt too wide) in paragraph at lines 386--386
[]\OT1/cmtt/m/n/10 bank 1: account =    0  demanded credit =    0 allowed credi
t =    0 unpaid =  0[] 
 []


Overfull \hbox (74.99634pt too wide) in paragraph at lines 386--386
[]\OT1/cmtt/m/n/10 bank 2: account = -140  demanded credit = -150 allowed credi
t = -130 unpaid = 10[] 
 []


Overfull \hbox (74.99634pt too wide) in paragraph at lines 386--386
[]\OT1/cmtt/m/n/10 bank 3: account =  -50  demanded credit =  -50 allowed credi
t =  -50 unpaid =  0[] 
 []

[7]
Overfull \hbox (48.74657pt too wide) in paragraph at lines 399--399
[]\OT1/cmtt/m/n/10 bank 1: account =    0  demanded credit =  0 allowed credit 
= 0 unpaid =  0[] 
 []


Overfull \hbox (48.74657pt too wide) in paragraph at lines 399--399
[]\OT1/cmtt/m/n/10 bank 2: account = -140  demanded credit =  0 allowed credit 
= 0 unpaid = 10[] 
 []


Overfull \hbox (48.74657pt too wide) in paragraph at lines 399--399
[]\OT1/cmtt/m/n/10 bank 3: account =  -50  demanded credit =  0 allowed credit 
= 0 unpaid =  0[] 
 []


Overfull \hbox (53.99652pt too wide) in paragraph at lines 419--419
[]\OT1/cmtt/m/n/10 bank 1: account =    0  demanded credit = -60 allowed credit
 = 0 unpaid =  0[] 
 []


Overfull \hbox (53.99652pt too wide) in paragraph at lines 419--419
[]\OT1/cmtt/m/n/10 bank 2: account = -140  demanded credit =   0 allowed credit
 = 0 unpaid = 10[] 
 []


Overfull \hbox (53.99652pt too wide) in paragraph at lines 419--419
[]\OT1/cmtt/m/n/10 bank 3: account =  -50  demanded credit =   0 allowed credit
 = 0 unpaid =  0[] 
 []


Overfull \hbox (64.49643pt too wide) in paragraph at lines 440--440
[]\OT1/cmtt/m/n/10 bank 1: account =    0  demanded credit = -60 allowed credit
 = -60 unpaid =  0[] 
 []


Overfull \hbox (64.49643pt too wide) in paragraph at lines 440--440
[]\OT1/cmtt/m/n/10 bank 2: account = -140  demanded credit =   0 allowed credit
 =   0 unpaid = 10[] 
 []


Overfull \hbox (64.49643pt too wide) in paragraph at lines 440--440
[]\OT1/cmtt/m/n/10 bank 3: account =  -50  demanded credit =   0 allowed credit
 =   0 unpaid =  0[] 
 []

[8]
Overfull \hbox (64.49643pt too wide) in paragraph at lines 452--452
[]\OT1/cmtt/m/n/10 bank 1: account =  -60  demanded credit = -60 allowed credit
 = -60 unpaid =  0[] 
 []


Overfull \hbox (64.49643pt too wide) in paragraph at lines 452--452
[]\OT1/cmtt/m/n/10 bank 2: account = -130  demanded credit =   0 allowed credit
 =   0 unpaid =  0[] 
 []


Overfull \hbox (64.49643pt too wide) in paragraph at lines 452--452
[]\OT1/cmtt/m/n/10 bank 3: account =  -50  demanded credit =   0 allowed credit
 =   0 unpaid =  0[] 
 []


Overfull \hbox (6.74693pt too wide) in paragraph at lines 463--463
[]\OT1/cmtt/m/n/10 bank 1 account =   10  demanded credit =    0 allowed credit
 =    0[] 
 []


Overfull \hbox (6.74693pt too wide) in paragraph at lines 463--463
[]\OT1/cmtt/m/n/10 bank 2 account = -150  demanded credit = -150 allowed credit
 = -130[] 
 []


Overfull \hbox (6.74693pt too wide) in paragraph at lines 463--463
[]\OT1/cmtt/m/n/10 bank 3 account =  -50  demanded credit =  -50 allowed credit
 =  -50[] 
 []


Overfull \hbox (74.99634pt too wide) in paragraph at lines 479--479
[]\OT1/cmtt/m/n/10 bank 1: account =   10  demanded credit =    0 allowed credi
t =    0 unpaid =  0[] 
 []


Overfull \hbox (74.99634pt too wide) in paragraph at lines 479--479
[]\OT1/cmtt/m/n/10 bank 2: account = -130  demanded credit = -150 allowed credi
t = -130 unpaid =  0[] 
 []


Overfull \hbox (74.99634pt too wide) in paragraph at lines 479--479
[]\OT1/cmtt/m/n/10 bank 3: account =  -50  demanded credit =  -50 allowed credi
t =  -50 unpaid =  0[] 
 []


Overfull \hbox (74.99634pt too wide) in paragraph at lines 491--491
[]\OT1/cmtt/m/n/10 bank 1: account =   10  demanded credit =    0 allowed credi
t =    0 unpaid =  0[] 
 []


Overfull \hbox (74.99634pt too wide) in paragraph at lines 491--491
[]\OT1/cmtt/m/n/10 bank 2: account = -130  demanded credit =    0 allowed credi
t =    0 unpaid =  0[] 
 []


Overfull \hbox (74.99634pt too wide) in paragraph at lines 491--491
[]\OT1/cmtt/m/n/10 bank 3: account =  -50  demanded credit =    0 allowed credi
t =    0 unpaid =  0[] 
 []

[9]
Overfull \hbox (81.91565pt too wide) in paragraph at lines 504--505
\OT1/cmr/m/n/10 draws pos-i-tive bank ac-counts and store them in the vari-able
 []\OT1/cmtt/m/n/10 financialResourcesInBankAccounts\OT1/cmr/m/n/10 : 
 []


Overfull \hbox (74.99634pt too wide) in paragraph at lines 512--512
[]\OT1/cmtt/m/n/10 bank 1: account =    0  demanded credit =    0 allowed credi
t =    0 unpaid =  0[] 
 []


Overfull \hbox (74.99634pt too wide) in paragraph at lines 512--512
[]\OT1/cmtt/m/n/10 bank 2: account = -130  demanded credit =    0 allowed credi
t =    0 unpaid =  0[] 
 []


Overfull \hbox (74.99634pt too wide) in paragraph at lines 512--512
[]\OT1/cmtt/m/n/10 bank 3: account =  -50  demanded credit =    0 allowed credi
t =    0 unpaid =  0[] 
 []


Overfull \hbox (74.99634pt too wide) in paragraph at lines 535--535
[]\OT1/cmtt/m/n/10 bank 1: account =    0  demanded credit =    0 allowed credi
t =    0 unpaid =  0[] 
 []


Overfull \hbox (74.99634pt too wide) in paragraph at lines 535--535
[]\OT1/cmtt/m/n/10 bank 2: account = -105  demanded credit =    0 allowed credi
t =    0 unpaid =  0[] 
 []


Overfull \hbox (74.99634pt too wide) in paragraph at lines 535--535
[]\OT1/cmtt/m/n/10 bank 3: account =  -50  demanded credit =    0 allowed credi
t =    0 unpaid =  0[] 
 []

LaTeX Font Info:    Try loading font information for OMS+cmr on input line 552.

(/usr/local/texlive/2014/texmf-dist/tex/latex/base/omscmr.fd
File: omscmr.fd 1999/05/25 v2.5h Standard LaTeX font definitions
)
LaTeX Font Info:    Font shape `OMS/cmr/m/n' in size <10> not available
(Font)              Font shape `OMS/cmsy/m/n' tried instead on input line 552.
 [10] [11]
(./accounting.aux) ) 
Here is how much of TeX's memory you used:
 1856 strings out of 493117
 27349 string characters out of 6135434
 93371 words of memory out of 5000000
 5330 multiletter control sequences out of 15000+600000
 5326 words of font info for 20 fonts, out of 8000000 for 9000
 1141 hyphenation exceptions out of 8191
 37i,8n,23p,508b,241s stack positions out of 5000i,500n,10000p,200000b,80000s
</usr/local/texlive/2014/texmf-dist/fonts/type1/public/amsf
onts/cm/cmbx10.pfb></usr/local/texlive/2014/texmf-dist/fonts/type1/public/amsfo
nts/cm/cmbx12.pfb></usr/local/texlive/2014/texmf-dist/fonts/type1/public/amsfon
ts/cm/cmmi10.pfb></usr/local/texlive/2014/texmf-dist/fonts/type1/public/amsfont
s/cm/cmmi5.pfb></usr/local/texlive/2014/texmf-dist/fonts/type1/public/amsfonts/
cm/cmmi7.pfb></usr/local/texlive/2014/texmf-dist/fonts/type1/public/amsfonts/cm
/cmr10.pfb></usr/local/texlive/2014/texmf-dist/fonts/type1/public/amsfonts/cm/c
mr5.pfb></usr/local/texlive/2014/texmf-dist/fonts/type1/public/amsfonts/cm/cmr7
.pfb></usr/local/texlive/2014/texmf-dist/fonts/type1/public/amsfonts/cm/cmsy10.
pfb></usr/local/texlive/2014/texmf-dist/fonts/type1/public/amsfonts/cm/cmsy5.pf
b></usr/local/texlive/2014/texmf-dist/fonts/type1/public/amsfonts/cm/cmtt10.pfb
>
Output written on accounting.pdf (11 pages, 155511 bytes).
PDF statistics:
 84 PDF objects out of 1000 (max. 8388607)
 59 compressed objects within 1 object stream
 0 named destinations out of 1000 (max. 500000)
 1 words of extra memory for PDF output out of 10000 (max. 10000000)

