This is pdfTeX, Version 3.14159265-2.6-1.40.15 (TeX Live 2014) (preloaded format=mptopdf 2015.4.1)  21 JUL 2015 11:05
 restricted \write18 enabled.
 %&-line parsing enabled.
**\relax balances.5
 (./balances.5{/usr/local/texlive/2014/texmf-var/fonts/map/pdftex/updmap/pdftex
.map}) [1] 
Here is how much of TeX's memory you used:
 44 strings out of 496714
 399 string characters out of 6201118
 4076598 words of memory out of 9061805
 1694 multiletter control sequences out of 15000+600000
 1025 words of font info for 3 fonts, out of 8000000 for 9000
 0 hyphenation exceptions out of 8191
 10i,3n,7p,165b,242s stack positions out of 5000i,500n,10000p,200000b,80000s
</usr/local/texlive/2014/texmf-dist/fonts/type1/public/amsfonts/cm/cm
mi10.pfb></usr/local/texlive/2014/texmf-dist/fonts/type1/public/amsfonts/cm/cmm
i7.pfb></usr/local/texlive/2014/texmf-dist/fonts/type1/public/amsfonts/cm/cmr10
.pfb>
Output written on balances.pdf (1 page, 34366 bytes).
PDF statistics:
 20 PDF objects out of 1000 (max. 8388607)
 0 named destinations out of 1000 (max. 500000)
 7 words of extra memory for PDF output out of 10000 (max. 10000000)

