This is pdfTeX, Version 3.14159265-2.6-1.40.15 (TeX Live 2014) (preloaded format=pdflatex 2015.4.1)  27 MAY 2016 11:22
entering extended mode
 restricted \write18 enabled.
 %&-line parsing enabled.
**example_firm_good_conditions.tex
(./example_firm_good_conditions.tex
LaTeX2e <2014/05/01>
Babel <3.9k> and hyphenation patterns for 78 languages loaded.
(/usr/local/texlive/2014/texmf-dist/tex/latex/base/article.cls
Document Class: article 2007/10/19 v1.4h Standard LaTeX document class
(/usr/local/texlive/2014/texmf-dist/tex/latex/base/size10.clo
File: size10.clo 2007/10/19 v1.4h Standard LaTeX file (size option)
)
\c@part=\count79
\c@section=\count80
\c@subsection=\count81
\c@subsubsection=\count82
\c@paragraph=\count83
\c@subparagraph=\count84
\c@figure=\count85
\c@table=\count86
\abovecaptionskip=\skip41
\belowcaptionskip=\skip42
\bibindent=\dimen102
)
(/usr/local/texlive/2014/texmf-dist/tex/latex/fancyvrb/fancyvrb.sty
Package: fancyvrb 2008/02/07

Style option: `fancyvrb' v2.7a, with DG/SPQR fixes, and firstline=lastline fix 
<2008/02/07> (tvz)
(/usr/local/texlive/2014/texmf-dist/tex/latex/graphics/keyval.sty
Package: keyval 2014/05/08 v1.15 key=value parser (DPC)
\KV@toks@=\toks14
)
\FV@CodeLineNo=\count87
\FV@InFile=\read1
\FV@TabBox=\box26
\c@FancyVerbLine=\count88
\FV@StepNumber=\count89
\FV@OutFile=\write3
)
No file example_firm_good_conditions.aux.
\openout1 = `example_firm_good_conditions.aux'.

LaTeX Font Info:    Checking defaults for OML/cmm/m/it on input line 4.
LaTeX Font Info:    ... okay on input line 4.
LaTeX Font Info:    Checking defaults for T1/cmr/m/n on input line 4.
LaTeX Font Info:    ... okay on input line 4.
LaTeX Font Info:    Checking defaults for OT1/cmr/m/n on input line 4.
LaTeX Font Info:    ... okay on input line 4.
LaTeX Font Info:    Checking defaults for OMS/cmsy/m/n on input line 4.
LaTeX Font Info:    ... okay on input line 4.
LaTeX Font Info:    Checking defaults for OMX/cmex/m/n on input line 4.
LaTeX Font Info:    ... okay on input line 4.
LaTeX Font Info:    Checking defaults for U/cmr/m/n on input line 4.
LaTeX Font Info:    ... okay on input line 4.
LaTeX Font Info:    External font `cmex10' loaded for size
(Font)              <12> on input line 5.
LaTeX Font Info:    External font `cmex10' loaded for size
(Font)              <8> on input line 5.
LaTeX Font Info:    External font `cmex10' loaded for size
(Font)              <6> on input line 5.

LaTeX Warning: No \author given.


Overfull \hbox (6.74693pt too wide) in paragraph at lines 18--18
[]\OT1/cmtt/m/n/10 bank 1 account =   10  demanded credit =    0 allowed credit
 =    0[] 
 []


Overfull \hbox (6.74693pt too wide) in paragraph at lines 18--18
[]\OT1/cmtt/m/n/10 bank 2 account = -150  demanded credit = -150 allowed credit
 = -130[] 
 []


Overfull \hbox (6.74693pt too wide) in paragraph at lines 18--18
[]\OT1/cmtt/m/n/10 bank 3 account =  -50  demanded credit =  -50 allowed credit
 =  -50[] 
 []


Overfull \hbox (74.99634pt too wide) in paragraph at lines 34--34
[]\OT1/cmtt/m/n/10 bank 1: account =   10  demanded credit =    0 allowed credi
t =    0 unpaid =  0[] 
 []


Overfull \hbox (74.99634pt too wide) in paragraph at lines 34--34
[]\OT1/cmtt/m/n/10 bank 2: account = -130  demanded credit = -150 allowed credi
t = -130 unpaid =  0[] 
 []


Overfull \hbox (74.99634pt too wide) in paragraph at lines 34--34
[]\OT1/cmtt/m/n/10 bank 3: account =  -50  demanded credit =  -50 allowed credi
t =  -50 unpaid =  0[] 
 []


Overfull \hbox (74.99634pt too wide) in paragraph at lines 46--46
[]\OT1/cmtt/m/n/10 bank 1: account =   10  demanded credit =    0 allowed credi
t =    0 unpaid =  0[] 
 []


Overfull \hbox (74.99634pt too wide) in paragraph at lines 46--46
[]\OT1/cmtt/m/n/10 bank 2: account = -130  demanded credit =    0 allowed credi
t =    0 unpaid =  0[] 
 []


Overfull \hbox (74.99634pt too wide) in paragraph at lines 46--46
[]\OT1/cmtt/m/n/10 bank 3: account =  -50  demanded credit =    0 allowed credi
t =    0 unpaid =  0[] 
 []

[1

{/usr/local/texlive/2014/texmf-var/fonts/map/pdftex/updmap/pdftex.map}]
Overfull \hbox (81.91565pt too wide) in paragraph at lines 59--60
\OT1/cmr/m/n/10 draws pos-i-tive bank ac-counts and store them in the vari-able
 []\OT1/cmtt/m/n/10 financialResourcesInBankAccounts\OT1/cmr/m/n/10 : 
 []


Overfull \hbox (74.99634pt too wide) in paragraph at lines 67--67
[]\OT1/cmtt/m/n/10 bank 1: account =    0  demanded credit =    0 allowed credi
t =    0 unpaid =  0[] 
 []


Overfull \hbox (74.99634pt too wide) in paragraph at lines 67--67
[]\OT1/cmtt/m/n/10 bank 2: account = -130  demanded credit =    0 allowed credi
t =    0 unpaid =  0[] 
 []


Overfull \hbox (74.99634pt too wide) in paragraph at lines 67--67
[]\OT1/cmtt/m/n/10 bank 3: account =  -50  demanded credit =    0 allowed credi
t =    0 unpaid =  0[] 
 []


Overfull \hbox (74.99634pt too wide) in paragraph at lines 90--90
[]\OT1/cmtt/m/n/10 bank 1: account =    0  demanded credit =    0 allowed credi
t =    0 unpaid =  0[] 
 []


Overfull \hbox (74.99634pt too wide) in paragraph at lines 90--90
[]\OT1/cmtt/m/n/10 bank 2: account = -105  demanded credit =    0 allowed credi
t =    0 unpaid =  0[] 
 []


Overfull \hbox (74.99634pt too wide) in paragraph at lines 90--90
[]\OT1/cmtt/m/n/10 bank 3: account =  -50  demanded credit =    0 allowed credi
t =    0 unpaid =  0[] 
 []

[2] (./example_firm_good_conditions.aux) ) 
Here is how much of TeX's memory you used:
 623 strings out of 493117
 8770 string characters out of 6135434
 64162 words of memory out of 5000000
 4154 multiletter control sequences out of 15000+600000
 7151 words of font info for 26 fonts, out of 8000000 for 9000
 1141 hyphenation exceptions out of 8191
 23i,6n,19p,306b,193s stack positions out of 5000i,500n,10000p,200000b,80000s
</usr/local/texlive/2014/texmf-dist/f
onts/type1/public/amsfonts/cm/cmbx10.pfb></usr/local/texlive/2014/texmf-dist/fo
nts/type1/public/amsfonts/cm/cmr10.pfb></usr/local/texlive/2014/texmf-dist/font
s/type1/public/amsfonts/cm/cmr12.pfb></usr/local/texlive/2014/texmf-dist/fonts/
type1/public/amsfonts/cm/cmr17.pfb></usr/local/texlive/2014/texmf-dist/fonts/ty
pe1/public/amsfonts/cm/cmtt10.pfb>
Output written on example_firm_good_conditions.pdf (2 pages, 70081 bytes).
PDF statistics:
 31 PDF objects out of 1000 (max. 8388607)
 21 compressed objects within 1 object stream
 0 named destinations out of 1000 (max. 500000)
 1 words of extra memory for PDF output out of 10000 (max. 10000000)

