\BOOKMARK [0][-]{section*.2}{Notation: variables}{}% 1
\BOOKMARK [0][-]{section*.4}{Notation: Parameters}{}% 2
\BOOKMARK [-1][-]{part.1}{I Setting up GABRIELE}{}% 3
\BOOKMARK [0][-]{chapter.1}{Standard Installation}{part.1}% 4
\BOOKMARK [1][-]{section.1.1}{Installation}{chapter.1}% 5
\BOOKMARK [2][-]{subsection.1.1.1}{Java Development Kit \(JDK\)}{section.1.1}% 6
\BOOKMARK [2][-]{subsection.1.1.2}{Repast Simphony \(RS\)}{section.1.1}% 7
\BOOKMARK [2][-]{subsection.1.1.3}{GABRIELE}{section.1.1}% 8
\BOOKMARK [1][-]{section.1.2}{Testing the Installation}{chapter.1}% 9
\BOOKMARK [2][-]{subsection.1.2.1}{Setup the data loader}{section.1.2}% 10
\BOOKMARK [2][-]{subsection.1.2.2}{Running GABRIELE}{section.1.2}% 11
\BOOKMARK [0][-]{chapter.2}{Streamlined Installation}{part.1}% 12
\BOOKMARK [1][-]{section.2.1}{Installation}{chapter.2}% 13
\BOOKMARK [2][-]{subsection.2.1.1}{Install Repast}{section.2.1}% 14
\BOOKMARK [2][-]{subsection.2.1.2}{Install the model}{section.2.1}% 15
\BOOKMARK [2][-]{subsection.2.1.3}{Configuration}{section.2.1}% 16
\BOOKMARK [1][-]{section.2.2}{Testing the installation}{chapter.2}% 17
\BOOKMARK [2][-]{subsection.2.2.1}{Changing parameters}{section.2.2}% 18
\BOOKMARK [-1][-]{part.2}{II Understanding GABRIELE}{}% 19
\BOOKMARK [0][-]{chapter.3}{Introduction}{part.2}% 20
\BOOKMARK [0][-]{chapter.4}{The components of the system}{part.2}% 21
\BOOKMARK [1][-]{section.4.1}{Agents}{chapter.4}% 22
\BOOKMARK [1][-]{section.4.2}{Goods}{chapter.4}% 23
\BOOKMARK [1][-]{section.4.3}{Financial assets}{chapter.4}% 24
\BOOKMARK [0][-]{chapter.5}{The Dynamics of Events}{part.2}% 25
\BOOKMARK [1][-]{section.5.1}{Initialization}{chapter.5}% 26
\BOOKMARK [2][-]{subsection.5.1.1}{Consumers initialization}{section.5.1}% 27
\BOOKMARK [2][-]{subsection.5.1.2}{Firms initialization}{section.5.1}% 28
\BOOKMARK [2][-]{subsection.5.1.3}{Banks initialization}{section.5.1}% 29
\BOOKMARK [1][-]{section.5.2}{The main loop}{chapter.5}% 30
\BOOKMARK [2][-]{subsection.5.2.1}{The process that leads to the consumption of what has been produced}{section.5.2}% 31
\BOOKMARK [2][-]{subsection.5.2.2}{The process that leads to production}{section.5.2}% 32
\BOOKMARK [-1][-]{part.3}{III Modifying GABRIELE}{}% 33
\BOOKMARK [-1][-]{part.4}{IV Documenting GABRIELE}{}% 34
\BOOKMARK [0][-]{chapter.6}{Unified Modeling Language \(UML\)}{part.4}% 35
\BOOKMARK [0][-]{chapter.7}{Javadoc}{part.4}% 36
