This is pdfTeX, Version 3.14159265-2.6-1.40.15 (TeX Live 2014) (preloaded format=pdflatex 2015.4.1)  6 JUL 2016 14:56
entering extended mode
 restricted \write18 enabled.
 file:line:error style messages enabled.
 %&-line parsing enabled.
**manual.tex
(./manual.tex
LaTeX2e <2014/05/01>
Babel <3.9k> and hyphenation patterns for 78 languages loaded.
(/usr/local/texlive/2014/texmf-dist/tex/latex/base/book.cls
Document Class: book 2007/10/19 v1.4h Standard LaTeX document class
(/usr/local/texlive/2014/texmf-dist/tex/latex/base/bk10.clo
File: bk10.clo 2007/10/19 v1.4h Standard LaTeX file (size option)
)
\c@part=\count79
\c@chapter=\count80
\c@section=\count81
\c@subsection=\count82
\c@subsubsection=\count83
\c@paragraph=\count84
\c@subparagraph=\count85
\c@figure=\count86
\c@table=\count87
\abovecaptionskip=\skip41
\belowcaptionskip=\skip42
\bibindent=\dimen102
)
(/usr/local/texlive/2014/texmf-dist/tex/latex/graphics/graphicx.sty
Package: graphicx 2014/04/25 v1.0g Enhanced LaTeX Graphics (DPC,SPQR)

(/usr/local/texlive/2014/texmf-dist/tex/latex/graphics/keyval.sty
Package: keyval 2014/05/08 v1.15 key=value parser (DPC)
\KV@toks@=\toks14
)
(/usr/local/texlive/2014/texmf-dist/tex/latex/graphics/graphics.sty
Package: graphics 2009/02/05 v1.0o Standard LaTeX Graphics (DPC,SPQR)

(/usr/local/texlive/2014/texmf-dist/tex/latex/graphics/trig.sty
Package: trig 1999/03/16 v1.09 sin cos tan (DPC)
)
(/usr/local/texlive/2014/texmf-dist/tex/latex/latexconfig/graphics.cfg
File: graphics.cfg 2010/04/23 v1.9 graphics configuration of TeX Live
)
Package graphics Info: Driver file: pdftex.def on input line 91.

(/usr/local/texlive/2014/texmf-dist/tex/latex/pdftex-def/pdftex.def
File: pdftex.def 2011/05/27 v0.06d Graphics/color for pdfTeX

(/usr/local/texlive/2014/texmf-dist/tex/generic/oberdiek/infwarerr.sty
Package: infwarerr 2010/04/08 v1.3 Providing info/warning/error messages (HO)
)
(/usr/local/texlive/2014/texmf-dist/tex/generic/oberdiek/ltxcmds.sty
Package: ltxcmds 2011/11/09 v1.22 LaTeX kernel commands for general use (HO)
)
\Gread@gobject=\count88
))
\Gin@req@height=\dimen103
\Gin@req@width=\dimen104
)
(/usr/local/texlive/2014/texmf-dist/tex/latex/xcolor/xcolor.sty
Package: xcolor 2007/01/21 v2.11 LaTeX color extensions (UK)

(/usr/local/texlive/2014/texmf-dist/tex/latex/latexconfig/color.cfg
File: color.cfg 2007/01/18 v1.5 color configuration of teTeX/TeXLive
)
Package xcolor Info: Driver file: pdftex.def on input line 225.
Package xcolor Info: Model `cmy' substituted by `cmy0' on input line 1337.
Package xcolor Info: Model `hsb' substituted by `rgb' on input line 1341.
Package xcolor Info: Model `RGB' extended on input line 1353.
Package xcolor Info: Model `HTML' substituted by `rgb' on input line 1355.
Package xcolor Info: Model `Hsb' substituted by `hsb' on input line 1356.
Package xcolor Info: Model `tHsb' substituted by `hsb' on input line 1357.
Package xcolor Info: Model `HSB' substituted by `hsb' on input line 1358.
Package xcolor Info: Model `Gray' substituted by `gray' on input line 1359.
Package xcolor Info: Model `wave' substituted by `hsb' on input line 1360.
)
(/usr/local/texlive/2014/texmf-dist/tex/latex/fancyvrb/fancyvrb.sty
Package: fancyvrb 2008/02/07

Style option: `fancyvrb' v2.7a, with DG/SPQR fixes, and firstline=lastline fix 
<2008/02/07> (tvz)
\FV@CodeLineNo=\count89
\FV@InFile=\read1
\FV@TabBox=\box26
\c@FancyVerbLine=\count90
\FV@StepNumber=\count91
\FV@OutFile=\write3
)
(/usr/local/texlive/2014/texmf-dist/tex/latex/hyperref/hyperref.sty
Package: hyperref 2012/11/06 v6.83m Hypertext links for LaTeX

(/usr/local/texlive/2014/texmf-dist/tex/generic/oberdiek/hobsub-hyperref.sty
Package: hobsub-hyperref 2012/05/28 v1.13 Bundle oberdiek, subset hyperref (HO)


(/usr/local/texlive/2014/texmf-dist/tex/generic/oberdiek/hobsub-generic.sty
Package: hobsub-generic 2012/05/28 v1.13 Bundle oberdiek, subset generic (HO)
Package: hobsub 2012/05/28 v1.13 Construct package bundles (HO)
Package hobsub Info: Skipping package `infwarerr' (already loaded).
Package hobsub Info: Skipping package `ltxcmds' (already loaded).
Package: ifluatex 2010/03/01 v1.3 Provides the ifluatex switch (HO)
Package ifluatex Info: LuaTeX not detected.
Package: ifvtex 2010/03/01 v1.5 Detect VTeX and its facilities (HO)
Package ifvtex Info: VTeX not detected.
Package: intcalc 2007/09/27 v1.1 Expandable calculations with integers (HO)
Package: ifpdf 2011/01/30 v2.3 Provides the ifpdf switch (HO)
Package ifpdf Info: pdfTeX in PDF mode is detected.
Package: etexcmds 2011/02/16 v1.5 Avoid name clashes with e-TeX commands (HO)
Package etexcmds Info: Could not find \expanded.
(etexcmds)             That can mean that you are not using pdfTeX 1.50 or
(etexcmds)             that some package has redefined \expanded.
(etexcmds)             In the latter case, load this package earlier.
Package: kvsetkeys 2012/04/25 v1.16 Key value parser (HO)
Package: kvdefinekeys 2011/04/07 v1.3 Define keys (HO)
Package: pdftexcmds 2011/11/29 v0.20 Utility functions of pdfTeX for LuaTeX (HO
)
Package pdftexcmds Info: LuaTeX not detected.
Package pdftexcmds Info: \pdf@primitive is available.
Package pdftexcmds Info: \pdf@ifprimitive is available.
Package pdftexcmds Info: \pdfdraftmode found.
Package: pdfescape 2011/11/25 v1.13 Implements pdfTeX's escape features (HO)
Package: bigintcalc 2012/04/08 v1.3 Expandable calculations on big integers (HO
)
Package: bitset 2011/01/30 v1.1 Handle bit-vector datatype (HO)
Package: uniquecounter 2011/01/30 v1.2 Provide unlimited unique counter (HO)
)
Package hobsub Info: Skipping package `hobsub' (already loaded).
Package: letltxmacro 2010/09/02 v1.4 Let assignment for LaTeX macros (HO)
Package: hopatch 2012/05/28 v1.2 Wrapper for package hooks (HO)
Package: xcolor-patch 2011/01/30 xcolor patch
Package: atveryend 2011/06/30 v1.8 Hooks at the very end of document (HO)
Package atveryend Info: \enddocument detected (standard20110627).
Package: atbegshi 2011/10/05 v1.16 At begin shipout hook (HO)
Package: refcount 2011/10/16 v3.4 Data extraction from label references (HO)
Package: hycolor 2011/01/30 v1.7 Color options for hyperref/bookmark (HO)
)
(/usr/local/texlive/2014/texmf-dist/tex/generic/ifxetex/ifxetex.sty
Package: ifxetex 2010/09/12 v0.6 Provides ifxetex conditional
)
(/usr/local/texlive/2014/texmf-dist/tex/latex/oberdiek/auxhook.sty
Package: auxhook 2011/03/04 v1.3 Hooks for auxiliary files (HO)
)
(/usr/local/texlive/2014/texmf-dist/tex/latex/oberdiek/kvoptions.sty
Package: kvoptions 2011/06/30 v3.11 Key value format for package options (HO)
)
\@linkdim=\dimen105
\Hy@linkcounter=\count92
\Hy@pagecounter=\count93

(/usr/local/texlive/2014/texmf-dist/tex/latex/hyperref/pd1enc.def
File: pd1enc.def 2012/11/06 v6.83m Hyperref: PDFDocEncoding definition (HO)
)
\Hy@SavedSpaceFactor=\count94

(/usr/local/texlive/2014/texmf-dist/tex/latex/latexconfig/hyperref.cfg
File: hyperref.cfg 2002/06/06 v1.2 hyperref configuration of TeXLive
)
Package hyperref Info: Option `colorlinks' set `true' on input line 4319.
Package hyperref Info: Hyper figures OFF on input line 4443.
Package hyperref Info: Link nesting OFF on input line 4448.
Package hyperref Info: Hyper index ON on input line 4451.
Package hyperref Info: Plain pages OFF on input line 4458.
Package hyperref Info: Backreferencing OFF on input line 4463.
Package hyperref Info: Implicit mode ON; LaTeX internals redefined.
Package hyperref Info: Bookmarks ON on input line 4688.
\c@Hy@tempcnt=\count95

(/usr/local/texlive/2014/texmf-dist/tex/latex/url/url.sty
\Urlmuskip=\muskip10
Package: url 2013/09/16  ver 3.4  Verb mode for urls, etc.
)
LaTeX Info: Redefining \url on input line 5041.
\XeTeXLinkMargin=\dimen106
\Fld@menulength=\count96
\Field@Width=\dimen107
\Fld@charsize=\dimen108
Package hyperref Info: Hyper figures OFF on input line 6295.
Package hyperref Info: Link nesting OFF on input line 6300.
Package hyperref Info: Hyper index ON on input line 6303.
Package hyperref Info: backreferencing OFF on input line 6310.
Package hyperref Info: Link coloring ON on input line 6313.
Package hyperref Info: Link coloring with OCG OFF on input line 6320.
Package hyperref Info: PDF/A mode OFF on input line 6325.
LaTeX Info: Redefining \ref on input line 6365.
LaTeX Info: Redefining \pageref on input line 6369.
\Hy@abspage=\count97
\c@Item=\count98
\c@Hfootnote=\count99
)

Package hyperref Message: Driver (autodetected): hpdftex.

(/usr/local/texlive/2014/texmf-dist/tex/latex/hyperref/hpdftex.def
File: hpdftex.def 2012/11/06 v6.83m Hyperref driver for pdfTeX
\Fld@listcount=\count100
\c@bookmark@seq@number=\count101

(/usr/local/texlive/2014/texmf-dist/tex/latex/oberdiek/rerunfilecheck.sty
Package: rerunfilecheck 2011/04/15 v1.7 Rerun checks for auxiliary files (HO)
Package uniquecounter Info: New unique counter `rerunfilecheck' on input line 2
82.
)
\Hy@SectionHShift=\skip43
)
(/usr/local/texlive/2014/texmf-dist/tex/latex/sidenotes/sidenotes.sty
Package: sidenotes 2014/02/14 v0.96a rich text in the margin for LaTeX

(/usr/local/texlive/2014/texmf-dist/tex/latex/marginnote/marginnote.sty
Package: marginnote 2012/03/29 v1.1i non floating margin notes for LaTeX
\c@mn@abspage=\count102
)
(/usr/local/texlive/2014/texmf-dist/tex/latex/caption/caption.sty
Package: caption 2013/05/02 v3.3-89 Customizing captions (AR)

(/usr/local/texlive/2014/texmf-dist/tex/latex/caption/caption3.sty
Package: caption3 2013/05/02 v1.6-88 caption3 kernel (AR)
Package caption3 Info: TeX engine: e-TeX on input line 57.
\captionmargin=\dimen109
\captionmargin@=\dimen110
\captionwidth=\dimen111
\caption@tempdima=\dimen112
\caption@indent=\dimen113
\caption@parindent=\dimen114
\caption@hangindent=\dimen115
)
\c@ContinuedFloat=\count103
Package caption Info: hyperref package is loaded.
)
(/usr/local/texlive/2014/texmf-dist/tex/latex/l3packages/xparse/xparse.sty
(/usr/local/texlive/2014/texmf-dist/tex/latex/l3kernel/expl3.sty
Package: expl3 2014/05/20 v4814 L3 programming layer (loader) 

(/usr/local/texlive/2014/texmf-dist/tex/latex/l3kernel/expl3-code.tex
Package: expl3 2014/05/20 v4814 L3 programming layer (code) 
L3 Module: l3bootstrap 2014/05/16 v4782 L3 Bootstrap code

(/usr/local/texlive/2014/texmf-dist/tex/latex/etex-pkg/etex.sty
Package: etex 1998/03/26 v2.0 eTeX basic definition package (PEB)
\et@xins=\count104
)
L3 Module: l3names 2014/05/04 v4728 L3 Namespace for primitives
L3 Module: l3basics 2014/05/04 v4728 L3 Basic definitions
L3 Module: l3expan 2014/04/30 v4712 L3 Argument expansion
L3 Module: l3tl 2014/05/04 v4728 L3 Token lists
L3 Module: l3seq 2014/04/30 v4712 L3 Sequences and stacks
L3 Module: l3int 2014/05/16 v4776 L3 Integers
\c_max_int=\count105
\l_tmpa_int=\count106
\l_tmpb_int=\count107
\g_tmpa_int=\count108
\g_tmpb_int=\count109
L3 Module: l3quark 2014/05/04 v4728 L3 Quarks
L3 Module: l3prg 2014/05/04 v4728 L3 Control structures
\g__prg_map_int=\count110
L3 Module: l3clist 2014/05/04 v4728 L3 Comma separated lists
L3 Module: l3token 2014/05/04 v4728 L3 Experimental token manipulation
L3 Module: l3prop 2014/04/30 v4712 L3 Property lists
L3 Module: l3msg 2014/05/04 v4728 L3 Messages
L3 Module: l3file 2014/05/05 v4737 L3 File and I/O operations
\l_iow_line_count_int=\count111
\l__iow_target_count_int=\count112
\l__iow_current_line_int=\count113
\l__iow_current_word_int=\count114
\l__iow_current_indentation_int=\count115
L3 Module: l3skip 2014/05/05 v4738 L3 Dimensions and skips
\c_zero_dim=\dimen116
\c_max_dim=\dimen117
\l_tmpa_dim=\dimen118
\l_tmpb_dim=\dimen119
\g_tmpa_dim=\dimen120
\g_tmpb_dim=\dimen121
\c_zero_skip=\skip44
\c_max_skip=\skip45
\l_tmpa_skip=\skip46
\l_tmpb_skip=\skip47
\g_tmpa_skip=\skip48
\g_tmpb_skip=\skip49
\c_zero_muskip=\muskip11
\c_max_muskip=\muskip12
\l_tmpa_muskip=\muskip13
\l_tmpb_muskip=\muskip14
\g_tmpa_muskip=\muskip15
\g_tmpb_muskip=\muskip16
L3 Module: l3keys 2014/05/08 v4753 L3 Key-value interfaces
\g__keyval_level_int=\count116
\l_keys_choice_int=\count117
L3 Module: l3fp 2014/04/30 v4712 L3 Floating points
\c__fp_leading_shift_int=\count118
\c__fp_middle_shift_int=\count119
\c__fp_trailing_shift_int=\count120
\c__fp_big_leading_shift_int=\count121
\c__fp_big_middle_shift_int=\count122
\c__fp_big_trailing_shift_int=\count123
\c__fp_Bigg_leading_shift_int=\count124
\c__fp_Bigg_middle_shift_int=\count125
\c__fp_Bigg_trailing_shift_int=\count126
L3 Module: l3box 2014/05/04 v4728 L3 Experimental boxes
\c_empty_box=\box27
\l_tmpa_box=\box28
\l_tmpb_box=\box29
\g_tmpa_box=\box30
\g_tmpb_box=\box31
L3 Module: l3coffins 2014/05/04 v4728 L3 Coffin code layer
\l__coffin_internal_box=\box32
\l__coffin_internal_dim=\dimen122
\l__coffin_offset_x_dim=\dimen123
\l__coffin_offset_y_dim=\dimen124
\l__coffin_x_dim=\dimen125
\l__coffin_y_dim=\dimen126
\l__coffin_x_prime_dim=\dimen127
\l__coffin_y_prime_dim=\dimen128
\c_empty_coffin=\box33
\l__coffin_aligned_coffin=\box34
\l__coffin_aligned_internal_coffin=\box35
\l_tmpa_coffin=\box36
\l_tmpb_coffin=\box37
\l__coffin_display_coffin=\box38
\l__coffin_display_coord_coffin=\box39
\l__coffin_display_pole_coffin=\box40
\l__coffin_display_offset_dim=\dimen129
\l__coffin_display_x_dim=\dimen130
\l__coffin_display_y_dim=\dimen131
L3 Module: l3color 2014/04/30 v4712 L3 Experimental color support
L3 Module: l3luatex 2014/04/30 v4712 L3 Experimental LuaTeX-specific functions
\g__cctab_allocate_int=\count127
\g__cctab_stack_int=\count128
L3 Module: l3candidates 2014/05/04 v4734 L3 Experimental additions to l3kernel
\l__box_top_dim=\dimen132
\l__box_bottom_dim=\dimen133
\l__box_left_dim=\dimen134
\l__box_right_dim=\dimen135
\l__box_top_new_dim=\dimen136
\l__box_bottom_new_dim=\dimen137
\l__box_left_new_dim=\dimen138
\l__box_right_new_dim=\dimen139
\l__box_internal_box=\box41
\l__coffin_bounding_shift_dim=\dimen140
\l__coffin_left_corner_dim=\dimen141
\l__coffin_right_corner_dim=\dimen142
\l__coffin_bottom_corner_dim=\dimen143
\l__coffin_top_corner_dim=\dimen144
\l__coffin_scaled_total_height_dim=\dimen145
\l__coffin_scaled_width_dim=\dimen146
))
Package: xparse 2014/05/05 v4740 L3 Experimental document command parser
\l__xparse_current_arg_int=\count129
\l__xparse_m_args_int=\count130
\l__xparse_mandatory_args_int=\count131
\l__xparse_processor_int=\count132
\l__xparse_v_nesting_int=\count133
)
(/usr/local/texlive/2014/texmf-dist/tex/latex/changepage/changepage.sty
Package: changepage 2009/10/20 v1.0c check page and change page layout
\c@cp@cntr=\count134
\cp@tempcnt=\count135
)
\c@sidenote=\count136
.................................................
. LaTeX info: "xparse/define-command"
. 
. Defining document command \IfNoValueOrEmptyTF with arg. spec. 'mmm' on line
. 29.
.................................................
.................................................
. LaTeX info: "xparse/define-command"
. 
. Defining document command \sidenote with arg. spec. ' o o +m ' on line 42.
.................................................
.................................................
. LaTeX info: "xparse/define-command"
. 
. Defining document command \sidenotemark with arg. spec. ' o ' on line 52.
.................................................
.................................................
. LaTeX info: "xparse/define-command"
. 
. Defining document command \sidenotetext with arg. spec. ' o o +m ' on line
. 62.
.................................................
.................................................
. LaTeX info: "xparse/define-command"
. 
. Defining document command \sidecaption with arg. spec. 's o o m' on line 79.
.................................................
\@sidenotes@sidefigurebox=\box42
.................................................
. LaTeX info: "xparse/define-environment"
. 
. Defining document environment 'marginfigure' with arg. spec. 'o' on line 91.
.................................................
\@sidenotes@margintablebox=\box43
.................................................
. LaTeX info: "xparse/define-environment"
. 
. Defining document environment 'margintable' with arg. spec. 'o' on line 103.
.................................................
)
(/usr/local/texlive/2014/texmf-dist/tex/latex/glossaries/base/glossaries.sty
Package: glossaries 2014/04/04 v4.07 (NLCT)

(/usr/local/texlive/2014/texmf-dist/tex/latex/base/ifthen.sty
Package: ifthen 2001/05/26 v1.1c Standard LaTeX ifthen package (DPC)
)
(/usr/local/texlive/2014/texmf-dist/tex/latex/xkeyval/xkeyval.sty
Package: xkeyval 2014/05/09 v2.6d package option processing (HA)

(/usr/local/texlive/2014/texmf-dist/tex/generic/xkeyval/xkeyval.tex
\XKV@toks=\toks15
\XKV@tempa@toks=\toks16
\XKV@depth=\count137
File: xkeyval.tex 2014/05/09 v2.6d key=value parser (HA)
))
(/usr/local/texlive/2014/texmf-dist/tex/latex/glossaries/base/mfirstuc.sty
Package: mfirstuc 2013/11/04 v1.08 (NLCT)

(/usr/local/texlive/2014/texmf-dist/tex/latex/etoolbox/etoolbox.sty
Package: etoolbox 2011/01/03 v2.1 e-TeX tools for LaTeX
\etb@tempcnta=\count138
)
\@glsmfirst=\toks17
\@glsmrest=\toks18
)
(/usr/local/texlive/2014/texmf-dist/tex/latex/textcase/textcase.sty
Package: textcase 2004/10/07 v0.07 Text only upper/lower case changing (DPC)
)
(/usr/local/texlive/2014/texmf-dist/tex/latex/xfor/xfor.sty
Package: xfor 2009/02/05 v1.05 (NLCT)
)
(/usr/local/texlive/2014/texmf-dist/tex/latex/datatool/datatool-base.sty
Package: datatool-base 2013/09/06 v2.18 (NLCT)

(/usr/local/texlive/2014/texmf-dist/tex/latex/amsmath/amsmath.sty
Package: amsmath 2013/01/14 v2.14 AMS math features
\@mathmargin=\skip50

For additional information on amsmath, use the `?' option.
(/usr/local/texlive/2014/texmf-dist/tex/latex/amsmath/amstext.sty
Package: amstext 2000/06/29 v2.01

(/usr/local/texlive/2014/texmf-dist/tex/latex/amsmath/amsgen.sty
File: amsgen.sty 1999/11/30 v2.0
\@emptytoks=\toks19
\ex@=\dimen147
))
(/usr/local/texlive/2014/texmf-dist/tex/latex/amsmath/amsbsy.sty
Package: amsbsy 1999/11/29 v1.2d
\pmbraise@=\dimen148
)
(/usr/local/texlive/2014/texmf-dist/tex/latex/amsmath/amsopn.sty
Package: amsopn 1999/12/14 v2.01 operator names
)
\inf@bad=\count139
LaTeX Info: Redefining \frac on input line 210.
\uproot@=\count140
\leftroot@=\count141
LaTeX Info: Redefining \overline on input line 306.
\classnum@=\count142
\DOTSCASE@=\count143
LaTeX Info: Redefining \ldots on input line 378.
LaTeX Info: Redefining \dots on input line 381.
LaTeX Info: Redefining \cdots on input line 466.
\Mathstrutbox@=\box44
\strutbox@=\box45
\big@size=\dimen149
LaTeX Font Info:    Redeclaring font encoding OML on input line 566.
LaTeX Font Info:    Redeclaring font encoding OMS on input line 567.
\macc@depth=\count144
\c@MaxMatrixCols=\count145
\dotsspace@=\muskip17
\c@parentequation=\count146
\dspbrk@lvl=\count147
\tag@help=\toks20
\row@=\count148
\column@=\count149
\maxfields@=\count150
\andhelp@=\toks21
\eqnshift@=\dimen150
\alignsep@=\dimen151
\tagshift@=\dimen152
\tagwidth@=\dimen153
\totwidth@=\dimen154
\lineht@=\dimen155
\@envbody=\toks22
\multlinegap=\skip51
\multlinetaggap=\skip52
\mathdisplay@stack=\toks23
LaTeX Info: Redefining \[ on input line 2665.
LaTeX Info: Redefining \] on input line 2666.
)
(/usr/local/texlive/2014/texmf-dist/tex/latex/substr/substr.sty
Package: substr 2009/10/20 v1.2 Handle substrings
\c@su@anzahl=\count151
)
(/usr/local/texlive/2014/texmf-dist/tex/latex/datatool/datatool-fp.sty
Package: datatool-fp 2013/08/29 v2.17 (NLCT)

(/usr/local/texlive/2014/texmf-dist/tex/latex/fp/fp.sty
Package: fp 1995/04/02

`Fixed Point Package', Version 0.8, April 2, 1995 (C) Michael Mehlich
(/usr/local/texlive/2014/texmf-dist/tex/latex/fp/defpattern.sty
Package: defpattern 1994/10/12
\actioncount=\count152
)
(/usr/local/texlive/2014/texmf-dist/tex/latex/fp/fp-basic.sty
Package: fp-basic 1996/05/13
\FP@xs=\count153
\FP@xia=\count154
\FP@xib=\count155
\FP@xfa=\count156
\FP@xfb=\count157
\FP@rega=\count158
\FP@regb=\count159
\FP@regs=\count160
\FP@times=\count161
)
(/usr/local/texlive/2014/texmf-dist/tex/latex/fp/fp-addons.sty
Package: fp-addons 1995/03/15
)
(/usr/local/texlive/2014/texmf-dist/tex/latex/fp/fp-snap.sty
Package: fp-snap 1995/04/05
)
(/usr/local/texlive/2014/texmf-dist/tex/latex/fp/fp-exp.sty
Package: fp-exp 1995/04/03
)
(/usr/local/texlive/2014/texmf-dist/tex/latex/fp/fp-trigo.sty
Package: fp-trigo 1995/04/14
)
(/usr/local/texlive/2014/texmf-dist/tex/latex/fp/fp-pas.sty
Package: fp-pas 1994/08/29
)
(/usr/local/texlive/2014/texmf-dist/tex/latex/fp/fp-random.sty
Package: fp-random 1995/02/23
\FPseed=\count162
)
(/usr/local/texlive/2014/texmf-dist/tex/latex/fp/fp-eqn.sty
Package: fp-eqn 1995/04/03
)
(/usr/local/texlive/2014/texmf-dist/tex/latex/fp/fp-upn.sty
Package: fp-upn 1996/10/21
)
(/usr/local/texlive/2014/texmf-dist/tex/latex/fp/fp-eval.sty
Package: fp-eval 1995/04/03
)))
\@dtl@toks=\toks24
\@dtl@tmpcount=\count163
\dtl@tmplength=\skip53
\dtl@sortresult=\count164
\@dtl@numgrpsepcount=\count165
\@dtl@datatype=\count166
\dtl@codeA=\count167
\dtl@codeB=\count168
\@dtl@foreach@level=\count169
)
(/usr/local/texlive/2014/texmf-dist/tex/latex/glossaries/base/glossaries-compat
ible-307.sty
Package: glossaries-compatible-307 2013/11/14 v4.0 (NLCT)
)
\gls@level=\count170
\@gls@tmpb=\toks25
\gls@tmplen=\skip54
\glskeylisttok=\toks26
\glslabeltok=\toks27
\glsshorttok=\toks28
\glslongtok=\toks29

(/usr/local/texlive/2014/texmf-dist/tex/latex/glossaries/styles/glossary-hypern
av.sty
Package: glossary-hypernav 2013/11/14 v4.0 (NLCT)
)
(/usr/local/texlive/2014/texmf-dist/tex/latex/glossaries/styles/glossary-list.s
ty
Package: glossary-list 2013/11/14 v4.0 (NLCT)
\glslistdottedwidth=\skip55
)
(/usr/local/texlive/2014/texmf-dist/tex/latex/glossaries/styles/glossary-long.s
ty
Package: glossary-long 2013/11/14 v4.0 (NLCT)
 (/usr/local/texlive/2014/texmf-dist/tex/latex/tools/longtable.sty
Package: longtable 2004/02/01 v4.11 Multi-page Table package (DPC)
\LTleft=\skip56
\LTright=\skip57
\LTpre=\skip58
\LTpost=\skip59
\LTchunksize=\count171
\LTcapwidth=\dimen156
\LT@head=\box46
\LT@firsthead=\box47
\LT@foot=\box48
\LT@lastfoot=\box49
\LT@cols=\count172
\LT@rows=\count173
\c@LT@tables=\count174
\c@LT@chunks=\count175
\LT@p@ftn=\toks30
)
\glsdescwidth=\skip60
\glspagelistwidth=\skip61
)
(/usr/local/texlive/2014/texmf-dist/tex/latex/glossaries/styles/glossary-super.
sty
Package: glossary-super 2013/11/14 v4.0 (NLCT)
 (/usr/local/texlive/2014/texmf-dist/tex/latex/supertabular/supertabular.sty
Package: supertabular 2004/02/20 v4.1e the supertabular environment
\c@tracingst=\count176
\ST@wd=\dimen157
\ST@rightskip=\skip62
\ST@leftskip=\skip63
\ST@parfillskip=\skip64
\ST@pageleft=\dimen158
\ST@headht=\dimen159
\ST@tailht=\dimen160
\ST@pagesofar=\dimen161
\ST@pboxht=\dimen162
\ST@lineht=\dimen163
\ST@stretchht=\dimen164
\ST@prevht=\dimen165
\ST@toadd=\dimen166
\ST@dimen=\dimen167
\ST@pbox=\box50
))
(/usr/local/texlive/2014/texmf-dist/tex/latex/glossaries/styles/glossary-tree.s
ty
Package: glossary-tree 2014/03/06 v4.04 (NLCT)
\glstreeindent=\skip65
))
\glswrite=\write4
\glo@main@file=\write5
\openout5 = `manual.glo'.

Package glossaries Info: Writing glossary file manual.glo on input line 9.
\glo@variable@file=\write6
\openout6 = `manual.vot'.

Package glossaries Info: Writing glossary file manual.vot on input line 9.
\glo@parameter@file=\write7
\openout7 = `manual.pot'.

Package glossaries Info: Writing glossary file manual.pot on input line 9.
 (./manual.aux)
\openout1 = `manual.aux'.

LaTeX Font Info:    Checking defaults for OML/cmm/m/it on input line 13.
LaTeX Font Info:    ... okay on input line 13.
LaTeX Font Info:    Checking defaults for T1/cmr/m/n on input line 13.
LaTeX Font Info:    ... okay on input line 13.
LaTeX Font Info:    Checking defaults for OT1/cmr/m/n on input line 13.
LaTeX Font Info:    ... okay on input line 13.
LaTeX Font Info:    Checking defaults for OMS/cmsy/m/n on input line 13.
LaTeX Font Info:    ... okay on input line 13.
LaTeX Font Info:    Checking defaults for OMX/cmex/m/n on input line 13.
LaTeX Font Info:    ... okay on input line 13.
LaTeX Font Info:    Checking defaults for U/cmr/m/n on input line 13.
LaTeX Font Info:    ... okay on input line 13.
LaTeX Font Info:    Checking defaults for PD1/pdf/m/n on input line 13.
LaTeX Font Info:    ... okay on input line 13.

(/usr/local/texlive/2014/texmf-dist/tex/context/base/supp-pdf.mkii
[Loading MPS to PDF converter (version 2006.09.02).]
\scratchcounter=\count177
\scratchdimen=\dimen168
\scratchbox=\box51
\nofMPsegments=\count178
\nofMParguments=\count179
\everyMPshowfont=\toks31
\MPscratchCnt=\count180
\MPscratchDim=\dimen169
\MPnumerator=\count181
\makeMPintoPDFobject=\count182
\everyMPtoPDFconversion=\toks32
) (/usr/local/texlive/2014/texmf-dist/tex/latex/oberdiek/epstopdf-base.sty
Package: epstopdf-base 2010/02/09 v2.5 Base part for package epstopdf

(/usr/local/texlive/2014/texmf-dist/tex/latex/oberdiek/grfext.sty
Package: grfext 2010/08/19 v1.1 Manage graphics extensions (HO)
)
Package grfext Info: Graphics extension search list:
(grfext)             [.png,.pdf,.jpg,.mps,.jpeg,.jbig2,.jb2,.PNG,.PDF,.JPG,.JPE
G,.JBIG2,.JB2,.eps]
(grfext)             \AppendGraphicsExtensions on input line 452.

(/usr/local/texlive/2014/texmf-dist/tex/latex/latexconfig/epstopdf-sys.cfg
File: epstopdf-sys.cfg 2010/07/13 v1.3 Configuration of (r)epstopdf for TeX Liv
e
))
\AtBeginShipoutBox=\box52
Package hyperref Info: Link coloring ON on input line 13.

(/usr/local/texlive/2014/texmf-dist/tex/latex/hyperref/nameref.sty
Package: nameref 2012/10/27 v2.43 Cross-referencing by name of section

(/usr/local/texlive/2014/texmf-dist/tex/generic/oberdiek/gettitlestring.sty
Package: gettitlestring 2010/12/03 v1.4 Cleanup title references (HO)
)
\c@section@level=\count183
)
LaTeX Info: Redefining \ref on input line 13.
LaTeX Info: Redefining \pageref on input line 13.
LaTeX Info: Redefining \nameref on input line 13.

(./manual.out) (./manual.out)
\@outlinefile=\write8
\openout8 = `manual.out'.

Package marginnote Info: \pdfoutput not 0 and \pdflastxpos available.
(marginnote)             Extended position detection mode activated.
Package caption Info: Begin \AtBeginDocument code.
Package caption Info: longtable package is loaded.

(/usr/local/texlive/2014/texmf-dist/tex/latex/caption/ltcaption.sty
Package: ltcaption 2013/02/03 v1.3-62 longtable captions (AR)
)
Package caption Info: supertabular package is loaded.
Package caption Info: End \AtBeginDocument code.
\@sidenotes@extrawidth=\skip66

(./manual.glsdefs) [1

\openout4 = `manual.ist'.


{/usr/local/texlive/2014/texmf-var/fonts/map/pdftex/updmap/pdftex.map}] [2] [3]
 [4] (./manual.toc [1

])
\tf@toc=\write9
\openout9 = `manual.toc'.

 (./glossary_notation_variables.tex
\@gls@deffile=\write10
\openout10 = `manual.glsdefs'.

) (./glossary_notation_parameters.tex)
No file manual.gls.
(./manual.vin [2]) (./manual.pin [3


] [4

]) [5

]pdfTeX warning (ext4): destination with the same identifier (name{page.1}) has
 been already used, duplicate ignored
<to be read again> 
                   \relax 
l.106 \part{Setting up GABRIELE}
                                 [1


]pdfTeX warning (ext4): destination with the same identifier (name{page.2}) has
 been already used, duplicate ignored
<to be read again> 
                   \relax 
l.106 \part{Setting up GABRIELE}
                                 [2]pdfTeX warning (ext4): destination with the
 same identifier (name{page.3}) has been already used, duplicate ignored
<to be read again> 
                   \relax 
l.111 \chapter
              {Standard Installation} [3]pdfTeX warning (ext4): destination wit
h the same identifier (name{page.4}) has been already used, duplicate ignored
<to be read again> 
                   \relax 
l.111 \chapter
              {Standard Installation} [4

]
Chapter 1.
[5] [6] <fig_gabriele_rs_navigation.png, id=272, 1027.84pt x 770.88pt>
File: fig_gabriele_rs_navigation.png Graphic file (type png)

<use fig_gabriele_rs_navigation.png>
Package pdftex.def Info: fig_gabriele_rs_navigation.png used on input line 198.

(pdftex.def)             Requested size: 359.74939pt x 269.81204pt.

Overfull \hbox (14.74939pt too wide) in paragraph at lines 197--199
[] 
 []

[7 <./fig_gabriele_rs_navigation.png>]
<fig_gabriele_rs_execution1.png, id=280, 1027.84pt x 34.1275pt>
File: fig_gabriele_rs_execution1.png Graphic file (type png)

<use fig_gabriele_rs_execution1.png>
Package pdftex.def Info: fig_gabriele_rs_execution1.png used on input line 252.

(pdftex.def)             Requested size: 359.74939pt x 11.9448pt.

Overfull \hbox (14.74939pt too wide) in paragraph at lines 251--253
[] 
 []

<fig_gabriele_rs_execution2.png, id=281, 1028.84375pt x 176.66pt>
File: fig_gabriele_rs_execution2.png Graphic file (type png)

<use fig_gabriele_rs_execution2.png>
Package pdftex.def Info: fig_gabriele_rs_execution2.png used on input line 257.

(pdftex.def)             Requested size: 360.10071pt x 61.83192pt.

Overfull \hbox (15.10071pt too wide) in paragraph at lines 256--258
[] 
 []

<fig_gabriele_rs_gui1.png, id=282, 803.0pt x 665.48625pt>
File: fig_gabriele_rs_gui1.png Graphic file (type png)

<use fig_gabriele_rs_gui1.png>
Package pdftex.def Info: fig_gabriele_rs_gui1.png used on input line 262.
(pdftex.def)             Requested size: 281.05421pt x 232.92368pt.
 [8 <./fig_gabriele_rs_execution1.png> <./fig_gabriele_rs_execution2.png> <./fi
g_gabriele_rs_gui1.png>]
<fig_gabriele_rs_gui2.png, id=290, 804.00375pt x 661.47125pt>
File: fig_gabriele_rs_gui2.png Graphic file (type png)

<use fig_gabriele_rs_gui2.png>
Package pdftex.def Info: fig_gabriele_rs_gui2.png used on input line 268.
(pdftex.def)             Requested size: 281.40553pt x 231.5184pt.

<fig_gabriele_rs_gui3.png, id=291, 803.0pt x 662.475pt>
File: fig_gabriele_rs_gui3.png Graphic file (type png)

<use fig_gabriele_rs_gui3.png>
Package pdftex.def Info: fig_gabriele_rs_gui3.png used on input line 273.
(pdftex.def)             Requested size: 281.05421pt x 231.86972pt.

<fig_gabriele_rs_gui4.png, id=292, 803.0pt x 663.47874pt>
File: fig_gabriele_rs_gui4.png Graphic file (type png)

<use fig_gabriele_rs_gui4.png>
Package pdftex.def Info: fig_gabriele_rs_gui4.png used on input line 279.
(pdftex.def)             Requested size: 281.05421pt x 232.22102pt.

Underfull \vbox (badness 10000) has occurred while \output is active []

 [9 <./fig_gabriele_rs_gui2.png> <./fig_gabriele_rs_gui3.png>]
<fig_gabriele_rs_gui5.png, id=299, 804.00375pt x 663.47874pt>
File: fig_gabriele_rs_gui5.png Graphic file (type png)

<use fig_gabriele_rs_gui5.png>
Package pdftex.def Info: fig_gabriele_rs_gui5.png used on input line 284.
(pdftex.def)             Requested size: 281.40553pt x 232.22102pt.

<fig_gabriele_rs_gui6.png, id=300, 803.0pt x 662.475pt>
File: fig_gabriele_rs_gui6.png Graphic file (type png)

<use fig_gabriele_rs_gui6.png>
Package pdftex.def Info: fig_gabriele_rs_gui6.png used on input line 291.
(pdftex.def)             Requested size: 281.05421pt x 231.86972pt.

Underfull \vbox (badness 10000) has occurred while \output is active []

 [10 <./fig_gabriele_rs_gui4.png> <./fig_gabriele_rs_gui5.png>]
File: fig_gabriele_rs_execution1.png Graphic file (type png)

<use fig_gabriele_rs_execution1.png>
Package pdftex.def Info: fig_gabriele_rs_execution1.png used on input line 315.

(pdftex.def)             Requested size: 359.74939pt x 11.9448pt.

Overfull \hbox (14.74939pt too wide) in paragraph at lines 314--316
[] 
 []

File: fig_gabriele_rs_execution2.png Graphic file (type png)
<use fig_gabriele_rs_execution2.png>
Package pdftex.def Info: fig_gabriele_rs_execution2.png used on input line 320.

(pdftex.def)             Requested size: 360.10071pt x 61.83192pt.

Overfull \hbox (15.10071pt too wide) in paragraph at lines 319--321
[] 
 []

[11 <./fig_gabriele_rs_gui6.png>]
<fig_gabriele_rs_gui7.png, id=313, 1000.73875pt x 736.7525pt>
File: fig_gabriele_rs_gui7.png Graphic file (type png)

<use fig_gabriele_rs_gui7.png>
Package pdftex.def Info: fig_gabriele_rs_gui7.png used on input line 334.
(pdftex.def)             Requested size: 350.26381pt x 257.86723pt.

Overfull \hbox (5.26381pt too wide) in paragraph at lines 333--335
[] 
 []

<fig_gabriele_rs_execution3.png, id=314, 1055.945pt x 189.70876pt>
File: fig_gabriele_rs_execution3.png Graphic file (type png)

<use fig_gabriele_rs_execution3.png>
Package pdftex.def Info: fig_gabriele_rs_execution3.png used on input line 347.

(pdftex.def)             Requested size: 369.58629pt x 66.39905pt.

Overfull \hbox (24.58629pt too wide) in paragraph at lines 346--348
[] 
 []

[12 <./fig_gabriele_rs_gui7.png>]
<fig_gabriele_rs_batch.png, id=322, 651.43375pt x 551.05875pt>
File: fig_gabriele_rs_batch.png Graphic file (type png)

<use fig_gabriele_rs_batch.png>
Package pdftex.def Info: fig_gabriele_rs_batch.png used on input line 356.
(pdftex.def)             Requested size: 228.00522pt x 192.87344pt.

<fig_gabriele_rs_batch1.png, id=323, 870.25125pt x 684.5575pt>
File: fig_gabriele_rs_batch1.png Graphic file (type png)

<use fig_gabriele_rs_batch1.png>
Package pdftex.def Info: fig_gabriele_rs_batch1.png used on input line 364.
(pdftex.def)             Requested size: 304.5925pt x 239.59871pt.

Underfull \vbox (badness 10000) has occurred while \output is active []

 [13 <./fig_gabriele_rs_execution3.png> <./fig_gabriele_rs_batch.png>] [14 <./f
ig_gabriele_rs_batch1.png>]
Chapter 2.

Underfull \hbox (badness 10000) in paragraph at lines 374--379

 []


Overfull \hbox (1.47119pt too wide) in paragraph at lines 382--385
\OT1/cmr/m/n/10 Follow the in-struc-tion in [][]$\OT1/cmtt/m/n/10 http : / / re
past . sourceforge . net$[][] \OT1/cmr/m/n/10 to in-stall the newest
 []

[15

]
Overfull \hbox (17.24684pt too wide) in paragraph at lines 449--453
[]\OT1/cmtt/m/n/10 ~/Documents/modelJasssData$ [][]sudo find / -name "repast.si
mphony.core*"
 []


Overfull \hbox (17.24684pt too wide) in paragraph at lines 449--453
[][]\OT1/cmtt/m/n/10 /Users/coolcoder/abm_java_libraries/repast/repast.simphony
.core_2.3.1 
 []


Overfull \hbox (8.27602pt too wide) in paragraph at lines 455--456
[]\OT1/cmr/m/n/10 In this ex-pres-sion, []\OT1/cmtt/m/n/10 /Users/coolcoder/abm
_java_libraries/repast \OT1/cmr/m/n/10 is repast
 []

[16]
Underfull \hbox (badness 10000) in paragraph at lines 529--547

 []

[17]
Overfull \hbox (48.74657pt too wide) in paragraph at lines 578--578
[]\OT1/cmtt/m/n/10 #change the following instruction with the absolute path of 
the data folder[] 
 []


Overfull \hbox (38.24666pt too wide) in paragraph at lines 578--578
[]\OT1/cmtt/m/n/10 #(only if R current working directory is different from your
 data folder)[] 
 []


Overfull \hbox (17.24684pt too wide) in paragraph at lines 578--578
[]\OT1/cmtt/m/n/10 bankdata1<-read.csv(paste(dir,"z_datiBanca_run1.txt",sep="")
,sep=";")[] 
 []


Overfull \hbox (11.99689pt too wide) in paragraph at lines 578--578
[]\OT1/cmtt/m/n/10 firmdata1<-read.csv(paste(dir,"z_datiFirm_run1.txt",sep=""),
sep=";")[] 
 []


Overfull \hbox (43.49661pt too wide) in paragraph at lines 578--578
[]\OT1/cmtt/m/n/10 consumersWealth1<-read.csv(paste(dir,"z_consumersWealth_run1
.txt",sep=""),[] 
 []


Overfull \hbox (38.24666pt too wide) in paragraph at lines 578--578
[]                                                        \OT1/cmtt/m/n/10 head
er=F,sep=";")[] 
 []


Overfull \hbox (22.4968pt too wide) in paragraph at lines 578--578
[]\OT1/cmtt/m/n/10 consumersWage1<-read.csv(paste(dir,"z_consumersWage_run1.txt
",sep=""),[] 
 []


Overfull \hbox (38.24666pt too wide) in paragraph at lines 578--578
[]                                                        \OT1/cmtt/m/n/10 head
er=F,sep=";")[] 
 []


Overfull \hbox (95.99615pt too wide) in paragraph at lines 578--578
[]\OT1/cmtt/m/n/10 consumersConsumption1<-read.csv(paste(dir,"z_consumersConsum
ption_run1.txt",sep=""),[] 
 []


Overfull \hbox (38.24666pt too wide) in paragraph at lines 578--578
[]                                                        \OT1/cmtt/m/n/10 head
er=F,sep=";")[] 
 []


Overfull \hbox (53.99652pt too wide) in paragraph at lines 578--578
[]\OT1/cmtt/m/n/10 consumersConsumption<-consumersConsumption1[,-dim(consumersC
onsumption1)[2]][] 
 []


Overfull \hbox (85.49625pt too wide) in paragraph at lines 578--578
[]\OT1/cmtt/m/n/10 consumersEmployment1<-read.csv(paste(dir,"z_consumersEmploym
ent_run1.txt",sep=""),[] 
 []


Overfull \hbox (80.24629pt too wide) in paragraph at lines 578--578
[]                                                                \OT1/cmtt/m/n
/10 header=F,sep=";")[] 
 []


Overfull \hbox (38.24666pt too wide) in paragraph at lines 578--578
[]\OT1/cmtt/m/n/10 consumersEmployment<-consumersEmployment1[,-dim(consumersEmp
loyment1)[2]][] 
 []

[18]
Overfull \hbox (80.24629pt too wide) in paragraph at lines 607--607
[]\OT1/cmtt/m/n/10 <parameter name="randomSeed" type="constant" constant_type="
int" value="1435673">[] 
 []

[19] [20

] [21] [22]
Chapter 3.
<agents_and_interactions_figure1.pdf, id=378, 824.4067pt x 476.8499pt>
File: agents_and_interactions_figure1.pdf Graphic file (type pdf)

<use agents_and_interactions_figure1.pdf>
Package pdftex.def Info: agents_and_interactions_figure1.pdf used on input line
 636.
(pdftex.def)             Requested size: 412.20233pt x 238.42436pt.

Overfull \hbox (38.74959pt too wide) in paragraph at lines 636--637
[] [] 
 []

<visual.pdf, id=379, 722.7pt x 775.89874pt>
File: visual.pdf Graphic file (type pdf)
 <use visual.pdf>
Package pdftex.def Info: visual.pdf used on input line 643.
(pdftex.def)             Requested size: 361.3491pt x 387.94843pt.

Overfull \hbox (16.3491pt too wide) in paragraph at lines 643--644
 [][] 
 []

[23

 <./agents_and_interactions_figure1.pdf>] [24 <./visual.pdf>]
Chapter 4.
LaTeX Font Info:    Try loading font information for OMS+cmr on input line 654.

(/usr/local/texlive/2014/texmf-dist/tex/latex/base/omscmr.fd
File: omscmr.fd 1999/05/25 v2.5h Standard LaTeX font definitions
)
LaTeX Font Info:    Font shape `OMS/cmr/m/n' in size <10> not available
(Font)              Font shape `OMS/cmsy/m/n' tried instead on input line 654.
 [25

] [26]
Chapter 5.
[27

]
Overfull \hbox (9.60881pt too wide) in paragraph at lines 759--772
[] 
 []

[28]
Underfull \hbox (badness 10000) in paragraph at lines 791--793

 []


Overfull \vbox (0.2649pt too high) has occurred while \output is active []


[29]
Overfull \hbox (0.60915pt too wide) in paragraph at lines 848--858
[] 
 []

[30] [31] [32] [33] <visual1.pdf, id=479, 722.7pt x 775.89874pt>
File: visual1.pdf Graphic file (type pdf)

<use visual1.pdf>
Package pdftex.def Info: visual1.pdf used on input line 1009.
(pdftex.def)             Requested size: 361.3491pt x 387.94843pt.

Overfull \hbox (16.3491pt too wide) in paragraph at lines 1009--1010
 [][] 
 []


Underfull \vbox (badness 1496) has occurred while \output is active []

 [34 <./visual1.pdf>]
Underfull \hbox (badness 10000) in paragraph at lines 1044--1046

 []


Overfull \hbox (31.35901pt too wide) in paragraph at lines 1048--1058
[][] 
 []

[35] <uml.png, id=529, 903.375pt x 209.78375pt>
File: uml.png Graphic file (type png)
 <use uml.png>
Package pdftex.def Info: uml.png used on input line 1090.
(pdftex.def)             Requested size: 90.34279pt x 20.9796pt.

Overfull \hbox (68.10869pt too wide) in paragraph at lines 1120--1132
[][] 
 []

[36 <./uml.png>]
File: uml.png Graphic file (type png)
 <use uml.png>
Package pdftex.def Info: uml.png used on input line 1137.
(pdftex.def)             Requested size: 90.34279pt x 20.9796pt.
File: uml.png Graphic file (type png)
 <use uml.png>
Package pdftex.def Info: uml.png used on input line 1151.
(pdftex.def)             Requested size: 90.34279pt x 20.9796pt.

Underfull \vbox (badness 1237) has occurred while \output is active []

 [37]
File: uml.png Graphic file (type png)

<use uml.png>
Package pdftex.def Info: uml.png used on input line 1200.
(pdftex.def)             Requested size: 90.34279pt x 20.9796pt.
File: uml.png Graphic file (type png)
 <use uml.png>
Package pdftex.def Info: uml.png used on input line 1226.
(pdftex.def)             Requested size: 90.34279pt x 20.9796pt.
 [38]
File: uml.png Graphic file (type png)
 <use uml.png>
Package pdftex.def Info: uml.png used on input line 1270.
(pdftex.def)             Requested size: 90.34279pt x 20.9796pt.
File: uml.png Graphic file (type png)
 <use uml.png>
Package pdftex.def Info: uml.png used on input line 1290.
(pdftex.def)             Requested size: 90.34279pt x 20.9796pt.
 [39]
File: uml.png Graphic file (type png)

<use uml.png>
Package pdftex.def Info: uml.png used on input line 1333.
(pdftex.def)             Requested size: 90.34279pt x 20.9796pt.
File: uml.png Graphic file (type png)
 <use uml.png>
Package pdftex.def Info: uml.png used on input line 1344.
(pdftex.def)             Requested size: 90.34279pt x 20.9796pt.
 [40]
File: uml.png Graphic file (type png)
 <use uml.png>
Package pdftex.def Info: uml.png used on input line 1361.
(pdftex.def)             Requested size: 90.34279pt x 20.9796pt.
File: uml.png Graphic file (type png)
 <use uml.png>
Package pdftex.def Info: uml.png used on input line 1374.
(pdftex.def)             Requested size: 90.34279pt x 20.9796pt.
File: uml.png Graphic file (type png)
 <use uml.png>
Package pdftex.def Info: uml.png used on input line 1388.
(pdftex.def)             Requested size: 90.34279pt x 20.9796pt.

<example.png, id=587, 1003.75pt x 361.35pt>
File: example.png Graphic file (type png)
 <use example.png>
Package pdftex.def Info: example.png used on input line 1395.
(pdftex.def)             Requested size: 70.26967pt x 25.29707pt.
 [41 <./example.png>] [42] [43]
File: uml.png Graphic file (type png)
 <use uml.png>
Package pdftex.def Info: uml.png used on input line 1482.
(pdftex.def)             Requested size: 90.34279pt x 20.9796pt.
File: uml.png Graphic file (type png)
 <use uml.png>
Package pdftex.def Info: uml.png used on input line 1492.
(pdftex.def)             Requested size: 90.34279pt x 20.9796pt.

Overfull \hbox (10.35919pt too wide) in paragraph at lines 1526--1539
[][] 
 []

File: uml.png Graphic file (type png)
<use uml.png>
Package pdftex.def Info: uml.png used on input line 1544.
(pdftex.def)             Requested size: 90.34279pt x 20.9796pt.
 [44]
File: uml.png Graphic file (type png)
 <use uml.png>
Package pdftex.def Info: uml.png used on input line 1558.
(pdftex.def)             Requested size: 90.34279pt x 20.9796pt.
File: uml.png Graphic file (type png)
 <use uml.png>
Package pdftex.def Info: uml.png used on input line 1570.
(pdftex.def)             Requested size: 90.34279pt x 20.9796pt.

Overfull \hbox (38.03831pt too wide) in paragraph at lines 1598--1611
[] 
 []

[45]
File: uml.png Graphic file (type png)
 <use uml.png>
Package pdftex.def Info: uml.png used on input line 1615.
(pdftex.def)             Requested size: 90.34279pt x 20.9796pt.
 [46]
File: uml.png Graphic file (type png)
 <use uml.png>
Package pdftex.def Info: uml.png used on input line 1650.
(pdftex.def)             Requested size: 90.34279pt x 20.9796pt.

Underfull \hbox (badness 10000) in paragraph at lines 1659--1661

 []

File: uml.png Graphic file (type png)
<use uml.png>
Package pdftex.def Info: uml.png used on input line 1681.
(pdftex.def)             Requested size: 90.34279pt x 20.9796pt.

Underfull \hbox (badness 10000) in paragraph at lines 1696--1697

 []

[47]
File: uml.png Graphic file (type png)
 <use uml.png>
Package pdftex.def Info: uml.png used on input line 1720.
(pdftex.def)             Requested size: 90.34279pt x 20.9796pt.

Underfull \hbox (badness 10000) in paragraph at lines 1726--1727

 []


Overfull \hbox (0.60915pt too wide) in paragraph at lines 1748--1757
[] 
 []

File: uml.png Graphic file (type png)
<use uml.png>
Package pdftex.def Info: uml.png used on input line 1770.
(pdftex.def)             Requested size: 90.34279pt x 20.9796pt.
 [48]
File: uml.png Graphic file (type png)
 <use uml.png>
Package pdftex.def Info: uml.png used on input line 1786.
(pdftex.def)             Requested size: 90.34279pt x 20.9796pt.
File: uml.png Graphic file (type png)
 <use uml.png>
Package pdftex.def Info: uml.png used on input line 1818.
(pdftex.def)             Requested size: 90.34279pt x 20.9796pt.
 [49]
File: uml.png Graphic file (type png)
 <use uml.png>
Package pdftex.def Info: uml.png used on input line 1847.
(pdftex.def)             Requested size: 90.34279pt x 20.9796pt.
File: uml.png Graphic file (type png)

<use uml.png>
Package pdftex.def Info: uml.png used on input line 1861.
(pdftex.def)             Requested size: 90.34279pt x 20.9796pt.
 [50]
File: uml.png Graphic file (type png)
 <use uml.png>
Package pdftex.def Info: uml.png used on input line 1906.
(pdftex.def)             Requested size: 90.34279pt x 20.9796pt.
File: uml.png Graphic file (type png)
 <use uml.png>
Package pdftex.def Info: uml.png used on input line 1918.
(pdftex.def)             Requested size: 90.34279pt x 20.9796pt.
File: example.png Graphic file (type png)
 <use example.png>
Package pdftex.def Info: example.png used on input line 1927.
(pdftex.def)             Requested size: 70.26967pt x 25.29707pt.
File: example.png Graphic file (type png)

<use example.png>
Package pdftex.def Info: example.png used on input line 1933.
(pdftex.def)             Requested size: 70.26967pt x 25.29707pt.
 [51] [52

] [53] [54] [55

] [56]
Chapter 6.
[57

] [58

]
Chapter 7.

Overfull \hbox (23.37814pt too wide) in paragraph at lines 1946--1948
\OT1/cmr/m/n/10 list. Mod-ify the des-ti-na-tion folder to []\OT1/cmtt/m/n/10 <
path to repast workspace>/gabriele/docs
 []

Package atveryend Info: Empty hook `BeforeClearDocument' on input line 1950.
[59]
Package atveryend Info: Empty hook `AfterLastShipout' on input line 1950.
 (./manual.aux)
Package atveryend Info: Executing hook `AtVeryEndDocument' on input line 1950.
Package atveryend Info: Executing hook `AtEndAfterFileList' on input line 1950.

Package rerunfilecheck Info: File `manual.out' has not changed.
(rerunfilecheck)             Checksum: 2407600082422662A81001C88891EF41;2402.
Package atveryend Info: Empty hook `AtVeryVeryEnd' on input line 1950.
 ) 
Here is how much of TeX's memory you used:
 17184 strings out of 493117
 289461 string characters out of 6135434
 411790 words of memory out of 5000000
 20202 multiletter control sequences out of 15000+600000
 11515 words of font info for 41 fonts, out of 8000000 for 9000
 1141 hyphenation exceptions out of 8191
 46i,9n,88p,10473b,448s stack positions out of 5000i,500n,10000p,200000b,80000s
</usr/local/texlive/2014/texmf-dist/fonts/type1/public/amsfonts/cm/cmbx10.pfb
></usr/local/texlive/2014/texmf-dist/fonts/type1/public/amsfonts/cm/cmbx12.pfb>
</usr/local/texlive/2014/texmf-dist/fonts/type1/public/amsfonts/cm/cmcsc10.pfb>
</usr/local/texlive/2014/texmf-dist/fonts/type1/public/amsfonts/cm/cmex10.pfb><
/usr/local/texlive/2014/texmf-dist/fonts/type1/public/amsfonts/cm/cmmi10.pfb></
usr/local/texlive/2014/texmf-dist/fonts/type1/public/amsfonts/cm/cmmi6.pfb></us
r/local/texlive/2014/texmf-dist/fonts/type1/public/amsfonts/cm/cmmi7.pfb></usr/
local/texlive/2014/texmf-dist/fonts/type1/public/amsfonts/cm/cmmi8.pfb></usr/lo
cal/texlive/2014/texmf-dist/fonts/type1/public/amsfonts/cm/cmr10.pfb></usr/loca
l/texlive/2014/texmf-dist/fonts/type1/public/amsfonts/cm/cmr12.pfb></usr/local/
texlive/2014/texmf-dist/fonts/type1/public/amsfonts/cm/cmr6.pfb></usr/local/tex
live/2014/texmf-dist/fonts/type1/public/amsfonts/cm/cmr7.pfb></usr/local/texliv
e/2014/texmf-dist/fonts/type1/public/amsfonts/cm/cmr8.pfb></usr/local/texlive/2
014/texmf-dist/fonts/type1/public/amsfonts/cm/cmsl10.pfb></usr/local/texlive/20
14/texmf-dist/fonts/type1/public/amsfonts/cm/cmsy10.pfb></usr/local/texlive/201
4/texmf-dist/fonts/type1/public/amsfonts/cm/cmsy7.pfb></usr/local/texlive/2014/
texmf-dist/fonts/type1/public/amsfonts/cm/cmsy8.pfb></usr/local/texlive/2014/te
xmf-dist/fonts/type1/public/amsfonts/cm/cmti10.pfb></usr/local/texlive/2014/tex
mf-dist/fonts/type1/public/amsfonts/cm/cmti12.pfb></usr/local/texlive/2014/texm
f-dist/fonts/type1/public/amsfonts/cm/cmtt10.pfb>
Output written on manual.pdf (68 pages, 2172216 bytes).
PDF statistics:
 849 PDF objects out of 1000 (max. 8388607)
 704 compressed objects within 8 object streams
 214 named destinations out of 1000 (max. 500000)
 379 words of extra memory for PDF output out of 10000 (max. 10000000)

